<?xml version="1.0" encoding="UTF-8"?>
<testsuite xmlns:xsi="http://www.w3.org/2001/XMLSchema-instance" xsi:noNamespaceSchemaLocation="https://maven.apache.org/surefire/maven-surefire-plugin/xsd/surefire-test-report-3.0.xsd" version="3.0" name="com.mstore.MStoreApplicationTests" time="14.183" tests="1" errors="0" skipped="0" failures="0">
  <properties>
[...]
</properties>
  <testcase name="contextLoads" classname="com.mstore.MStoreApplicationTests" time="0.753">
    <system-out><![CDATA[20:25:16.916 [main] INFO org.springframework.test.context.support.AnnotationConfigContextLoaderUtils -- Could not detect default configuration classes for test class [com.mstore.MStoreApplicationTests]: MStoreApplicationTests does not declare any static, non-private, non-final, nested classes annotated with @Configuration.
20:25:17.080 [main] INFO org.springframework.boot.test.context.SpringBootTestContextBootstrapper -- Found @SpringBootConfiguration com.mstore.MStoreApplication for test class com.mstore.MStoreApplicationTests
20:25:17.303 [main] INFO org.springframework.boot.devtools.restart.RestartApplicationListener -- Restart disabled due to context in which it is running

  .   ____          _            __ _ _
 /\\ / ___'_ __ _ _(_)_ __  __ _ \ \ \ \
( ( )\___ | '_ | '_| | '_ \/ _` | \ \ \ \
 \\/  ___)| |_)| | | | | || (_| |  ) ) ) )
  '  |____| .__|_| |_|_| |_\__, | / / / /
 =========|_|==============|___/=/_/_/_/
 :: Spring Boot ::                (v3.1.5)

2023-11-29T20:25:17.717+05:30  INFO 27660 --- [           main] com.mstore.MStoreApplicationTests        : Starting MStoreApplicationTests using Java 21.0.1 with PID 27660 (started by malte in D:\Projects\CsProjects\Ecommerse\ecommerce_api)
2023-11-29T20:25:17.720+05:30  INFO 27660 --- [           main] com.mstore.MStoreApplicationTests        : No active profile set, falling back to 1 default profile: "default"
2023-11-29T20:25:19.459+05:30  INFO 27660 --- [           main] .s.d.r.c.RepositoryConfigurationDelegate : Bootstrapping Spring Data JPA repositories in DEFAULT mode.
2023-11-29T20:25:19.674+05:30  INFO 27660 --- [           main] .s.d.r.c.RepositoryConfigurationDelegate : Finished Spring Data repository scanning in 201 ms. Found 11 JPA repository interfaces.
2023-11-29T20:25:20.623+05:30  INFO 27660 --- [           main] o.hibernate.jpa.internal.util.LogHelper  : HHH000204: Processing PersistenceUnitInfo [name: default]
2023-11-29T20:25:20.730+05:30  INFO 27660 --- [           main] org.hibernate.Version                    : HHH000412: Hibernate ORM core version 6.2.13.Final
2023-11-29T20:25:20.734+05:30  INFO 27660 --- [           main] org.hibernate.cfg.Environment            : HHH000406: Using bytecode reflection optimizer
2023-11-29T20:25:21.251+05:30  INFO 27660 --- [           main] o.s.o.j.p.SpringPersistenceUnitInfo      : No LoadTimeWeaver setup: ignoring JPA class transformer
2023-11-29T20:25:21.292+05:30  INFO 27660 --- [           main] com.zaxxer.hikari.HikariDataSource       : HikariPool-1 - Starting...
2023-11-29T20:25:21.887+05:30  INFO 27660 --- [           main] com.zaxxer.hikari.pool.HikariPool        : HikariPool-1 - Added connection com.mysql.cj.jdbc.ConnectionImpl@15130002
2023-11-29T20:25:21.890+05:30  INFO 27660 --- [           main] com.zaxxer.hikari.HikariDataSource       : HikariPool-1 - Start completed.
2023-11-29T20:25:24.094+05:30  INFO 27660 --- [           main] o.h.e.t.j.p.i.JtaPlatformInitiator       : HHH000489: No JTA platform available (set 'hibernate.transaction.jta.platform' to enable JTA platform integration)
Hibernate: 
    alter table address 
       drop 
       foreign key FKda8tuywtf0gb6sedwk7la1pgi
Hibernate: 
    alter table cart 
       drop 
       foreign key FKl70asp4l4w0jmbm1tqyofho4o
Hibernate: 
    alter table cart_item 
       drop 
       foreign key FK1uobyhgl1wvgt1jpccia8xxs3
Hibernate: 
    alter table cart_item 
       drop 
       foreign key FKjcyd5wv4igqnw413rgxbfu4nv
Hibernate: 
    alter table order_item 
       drop 
       foreign key FKt4dc2r9nbvbujrljv3e23iibt
Hibernate: 
    alter table order_item 
       drop 
       foreign key FK551losx9j75ss5d6bfsqvijna
Hibernate: 
    alter table orders 
       drop 
       foreign key FK5mf3i1imrq06phx0543qo7v4y
Hibernate: 
    alter table orders 
       drop 
       foreign key FKh0uue95ltjysfmkqb5abgk7tj
Hibernate: 
    alter table orders 
       drop 
       foreign key FKel9kyl84ego2otj2accfd8mr7
Hibernate: 
    alter table payment_information 
       drop 
       foreign key FKcb0vkk9ey9j41no8yn0p60j95
Hibernate: 
    alter table product 
       drop 
       foreign key FK1mtsbur82frn64de7balymq9s
Hibernate: 
    alter table product 
       drop 
       foreign key FKtnjhc9s7k2hp0e9iyhebd8sn9
Hibernate: 
    alter table product_sizes 
       drop 
       foreign key FK4w69qsh5hd062xv3hqkpgpdpu
Hibernate: 
    alter table rating 
       drop 
       foreign key FKlkuwie0au2dru36asng9nywmh
Hibernate: 
    alter table rating 
       drop 
       foreign key FKpn05vbx6usw0c65tcyuce4dw5
Hibernate: 
    alter table review 
       drop 
       foreign key FKiyof1sindb9qiqr9o8npj8klt
Hibernate: 
    alter table review 
       drop 
       foreign key FKiyf57dy48lyiftdrf7y87rnxi
Hibernate: 
    drop table if exists address
Hibernate: 
    drop table if exists cart
Hibernate: 
    drop table if exists cart_item
Hibernate: 
    drop table if exists category
Hibernate: 
    drop table if exists order_item
Hibernate: 
    drop table if exists orders
Hibernate: 
    drop table if exists payment_information
Hibernate: 
    drop table if exists product
Hibernate: 
    drop table if exists product_sizes
Hibernate: 
    drop table if exists rating
Hibernate: 
    drop table if exists review
Hibernate: 
    drop table if exists user
Hibernate: 
    create table address (
        created_at datetime(6),
        id bigint not null auto_increment,
        updated_at datetime(6),
        user_id bigint,
        city varchar(255),
        first_name varchar(255),
        last_name varchar(255),
        mobile varchar(255),
        state varchar(255),
        street_address varchar(255),
        zip_code varchar(255),
        primary key (id)
    ) engine=InnoDB
Hibernate: 
    create table cart (
        discount integer,
        total_discounted_price float(53),
        total_item integer,
        total_price float(53),
        id bigint not null auto_increment,
        user_id bigint not null,
        primary key (id)
    ) engine=InnoDB
Hibernate: 
    create table cart_item (
        discount_percentage integer,
        discounted_price float(53),
        price float(53),
        quantity integer,
        save_for_later bit,
        cart_id bigint,
        id bigint not null auto_increment,
        product_id bigint,
        user_id bigint,
        size varchar(255),
        primary key (id)
    ) engine=InnoDB
Hibernate: 
    create table category (
        level integer,
        id bigint not null auto_increment,
        name varchar(255),
        primary key (id)
    ) engine=InnoDB
Hibernate: 
    create table order_item (
        discount_percentage integer,
        discounted_price float(53),
        price float(53),
        quantity integer,
        created_at datetime(6),
        id bigint not null auto_increment,
        order_id bigint,
        product_id bigint,
        updated_at datetime(6),
        size varchar(255),
        primary key (id)
    ) engine=InnoDB
Hibernate: 
    create table orders (
        total_discounted_price float(53),
        total_price float(53),
        created_at datetime(6),
        id bigint not null auto_increment,
        payment_id bigint,
        shipping_address_id bigint,
        updated_at datetime(6),
        user_id bigint,
        status varchar(255),
        primary key (id)
    ) engine=InnoDB
Hibernate: 
    create table payment_information (
        expiration_date date,
        created_date datetime(6),
        id bigint not null auto_increment,
        updated_date datetime(6),
        user_id bigint,
        card_number varchar(255),
        cardholder_name varchar(255),
        cvv varchar(255),
        payment_type varchar(255),
        upi varchar(255),
        primary key (id)
    ) engine=InnoDB
Hibernate: 
    create table product (
        discounted_price float(53),
        number_of_rating integer,
        price float(53),
        quantity integer,
        ratings float(23),
        category_id bigint,
        created_at datetime(6),
        created_by bigint,
        id bigint not null auto_increment,
        updated_at datetime(6),
        brand varchar(255),
        colour varchar(255),
        description varchar(255),
        image_url varchar(255),
        title varchar(255),
        primary key (id)
    ) engine=InnoDB
Hibernate: 
    create table product_sizes (
        quantity integer,
        product_id bigint not null,
        name varchar(255)
    ) engine=InnoDB
Hibernate: 
    create table rating (
        rating float(53),
        id bigint not null auto_increment,
        product_id bigint not null,
        user_id bigint not null,
        primary key (id)
    ) engine=InnoDB
Hibernate: 
    create table review (
        created_date datetime(6),
        id bigint not null auto_increment,
        product_id bigint,
        user_id bigint,
        review varchar(255),
        primary key (id)
    ) engine=InnoDB
Hibernate: 
    create table user (
        activated boolean default true,
        created_date datetime(6),
        id bigint not null auto_increment,
        updated_date datetime(6),
        email varchar(255),
        first_name varchar(255),
        last_name varchar(255),
        mobile varchar(255),
        password varchar(255),
        role varchar(255),
        primary key (id)
    ) engine=InnoDB
Hibernate: 
    alter table cart 
       add constraint UK_9emlp6m95v5er2bcqkjsw48he unique (user_id)
Hibernate: 
    alter table orders 
       add constraint UK_haujdjk1ohmeixjhnhslchrp1 unique (payment_id)
Hibernate: 
    alter table orders 
       add constraint UK_sdv8vvdhj9gxm0dfoeh2rqvkh unique (shipping_address_id)
Hibernate: 
    alter table address 
       add constraint FKda8tuywtf0gb6sedwk7la1pgi 
       foreign key (user_id) 
       references user (id)
Hibernate: 
    alter table cart 
       add constraint FKl70asp4l4w0jmbm1tqyofho4o 
       foreign key (user_id) 
       references user (id)
Hibernate: 
    alter table cart_item 
       add constraint FK1uobyhgl1wvgt1jpccia8xxs3 
       foreign key (cart_id) 
       references cart (id)
Hibernate: 
    alter table cart_item 
       add constraint FKjcyd5wv4igqnw413rgxbfu4nv 
       foreign key (product_id) 
       references product (id)
Hibernate: 
    alter table order_item 
       add constraint FKt4dc2r9nbvbujrljv3e23iibt 
       foreign key (order_id) 
       references orders (id)
Hibernate: 
    alter table order_item 
       add constraint FK551losx9j75ss5d6bfsqvijna 
       foreign key (product_id) 
       references product (id)
Hibernate: 
    alter table orders 
       add constraint FK5mf3i1imrq06phx0543qo7v4y 
       foreign key (payment_id) 
       references payment_information (id)
Hibernate: 
    alter table orders 
       add constraint FKh0uue95ltjysfmkqb5abgk7tj 
       foreign key (shipping_address_id) 
       references address (id)
Hibernate: 
    alter table orders 
       add constraint FKel9kyl84ego2otj2accfd8mr7 
       foreign key (user_id) 
       references user (id)
Hibernate: 
    alter table payment_information 
       add constraint FKcb0vkk9ey9j41no8yn0p60j95 
       foreign key (user_id) 
       references user (id)
Hibernate: 
    alter table product 
       add constraint FK1mtsbur82frn64de7balymq9s 
       foreign key (category_id) 
       references category (id)
Hibernate: 
    alter table product 
       add constraint FKtnjhc9s7k2hp0e9iyhebd8sn9 
       foreign key (created_by) 
       references user (id)
Hibernate: 
    alter table product_sizes 
       add constraint FK4w69qsh5hd062xv3hqkpgpdpu 
       foreign key (product_id) 
       references product (id)
Hibernate: 
    alter table rating 
       add constraint FKlkuwie0au2dru36asng9nywmh 
       foreign key (product_id) 
       references product (id)
Hibernate: 
    alter table rating 
       add constraint FKpn05vbx6usw0c65tcyuce4dw5 
       foreign key (user_id) 
       references user (id)
Hibernate: 
    alter table review 
       add constraint FKiyof1sindb9qiqr9o8npj8klt 
       foreign key (product_id) 
       references product (id)
Hibernate: 
    alter table review 
       add constraint FKiyf57dy48lyiftdrf7y87rnxi 
       foreign key (user_id) 
       references user (id)
2023-11-29T20:25:26.712+05:30  INFO 27660 --- [           main] j.LocalContainerEntityManagerFactoryBean : Initialized JPA EntityManagerFactory for persistence unit 'default'
2023-11-29T20:25:27.303+05:30  INFO 27660 --- [           main] o.s.d.j.r.query.QueryEnhancerFactory     : Hibernate is in classpath; If applicable, HQL parser will be used.
2023-11-29T20:25:28.553+05:30  WARN 27660 --- [           main] JpaBaseConfiguration$JpaWebConfiguration : spring.jpa.open-in-view is enabled by default. Therefore, database queries may be performed during view rendering. Explicitly configure spring.jpa.open-in-view to disable this warning
2023-11-29T20:25:28.766+05:30  INFO 27660 --- [           main] com.mstore.security.SecurityConfig       : Security Filter Chain
2023-11-29T20:25:28.828+05:30  INFO 27660 --- [           main] o.s.s.web.DefaultSecurityFilterChain     : Will secure any request with [org.springframework.security.web.session.DisableEncodeUrlFilter@fabe3f8, org.springframework.security.web.context.request.async.WebAsyncManagerIntegrationFilter@11a88d87, org.springframework.security.web.context.SecurityContextHolderFilter@276511ca, org.springframework.security.web.header.HeaderWriterFilter@54422189, org.springframework.security.web.csrf.CsrfFilter@20e43235, org.springframework.security.web.authentication.logout.LogoutFilter@5a720cdf, org.springframework.security.web.authentication.www.BasicAuthenticationFilter@4b8ab2f8, org.springframework.security.web.savedrequest.RequestCacheAwareFilter@5b1c4b48, org.springframework.security.web.servletapi.SecurityContextHolderAwareRequestFilter@7bb3cbb4, org.springframework.security.web.authentication.AnonymousAuthenticationFilter@ce24a98, org.springframework.security.web.access.ExceptionTranslationFilter@6a53cddc, org.springframework.security.web.access.intercept.AuthorizationFilter@495c3d15]
2023-11-29T20:25:29.815+05:30  INFO 27660 --- [           main] o.s.b.a.e.web.EndpointLinksResolver      : Exposing 1 endpoint(s) beneath base path '/actuator'
2023-11-29T20:25:29.925+05:30  INFO 27660 --- [           main] com.mstore.MStoreApplicationTests        : Started MStoreApplicationTests in 12.639 seconds (process running for 14.381)
]]></system-out>
    <system-err><![CDATA[WARNING: A Java agent has been loaded dynamically (C:\Users\malte\.m2\repository\net\bytebuddy\byte-buddy-agent\1.14.9\byte-buddy-agent-1.14.9.jar)
WARNING: If a serviceability tool is in use, please run with -XX:+EnableDynamicAgentLoading to hide this warning
WARNING: If a serviceability tool is not in use, please run with -Djdk.instrument.traceUsage for more information
WARNING: Dynamic loading of agents will be disallowed by default in a future release
]]></system-err>
  </testcase>
</testsuite>